\BOOKMARK [0][-]{chapter.1}{Getting into Contact}{}% 1
\BOOKMARK [0][-]{chapter.2}{Development Environment}{}% 2
\BOOKMARK [1][-]{section.2.1}{Required Development Tools}{chapter.2}% 3
\BOOKMARK [1][-]{section.2.2}{Building the Development Code}{chapter.2}% 4
\BOOKMARK [1][-]{section.2.3}{Git Repositories}{chapter.2}% 5
\BOOKMARK [1][-]{section.2.4}{Jenkins Build Server}{chapter.2}% 6
\BOOKMARK [1][-]{section.2.5}{Build System}{chapter.2}% 7
\BOOKMARK [2][-]{subsection.2.5.1}{Running bootstrap.sh}{section.2.5}% 8
\BOOKMARK [2][-]{subsection.2.5.2}{Creating a Distribution Package}{section.2.5}% 9
\BOOKMARK [2][-]{subsection.2.5.3}{Adding New Files}{section.2.5}% 10
\BOOKMARK [1][-]{section.2.6}{Testsuite}{chapter.2}% 11
\BOOKMARK [0][-]{chapter.3}{Documentation}{}% 12
\BOOKMARK [1][-]{section.3.1}{User's Guide}{chapter.3}% 13
\BOOKMARK [2][-]{subsection.3.1.1}{General issues}{section.3.1}% 14
\BOOKMARK [2][-]{subsection.3.1.2}{Building the User's Guide}{section.3.1}% 15
\BOOKMARK [2][-]{subsection.3.1.3}{Adding New Files}{section.3.1}% 16
\BOOKMARK [2][-]{subsection.3.1.4}{Additional Environments and Commands}{section.3.1}% 17
\BOOKMARK [2][-]{subsection.3.1.5}{Documentation of Tcl commands}{section.3.1}% 18
\BOOKMARK [1][-]{section.3.2}{Doxygen Code Documentation}{chapter.3}% 19
\BOOKMARK [0][-]{chapter.4}{Programmer's Guide}{}% 20
\BOOKMARK [1][-]{section.4.1}{Adding Global Variables}{chapter.4}% 21
\BOOKMARK [1][-]{section.4.2}{Adding New Bonded Interactions}{chapter.4}% 22
\BOOKMARK [1][-]{section.4.3}{Adding New Nonbonded Interactions}{chapter.4}% 23
\BOOKMARK [1][-]{section.4.4}{Tcl I/O - Parsing and Printing}{chapter.4}% 24
\BOOKMARK [1][-]{section.4.5}{Particle Data Organization}{chapter.4}% 25
\BOOKMARK [1][-]{section.4.6}{Errorhandling for Developers}{chapter.4}% 26
